# JRE version: OpenJDK Runtime Environment Microsoft-8035246 (17.0.8+7) (build 17.0.8+7-LTS)
# Java VM: OpenJDK 64-Bit Server VM Microsoft-8035246 (17.0.8+7-LTS, mixed mode, sharing, tiered, compressed oops, compressed class ptrs, g1 gc, windows-amd64)
GC Precious Log:
 CPUs: 8 total, 8 available
 Memory: 8059M
 Large Page Support: Disabled
 NUMA Support: Disabled
 Compressed Oops: Enabled (32-bit)
 Heap Region Size: 1M
 Heap Min Capacity: 8M
 Heap Initial Capacity: 126M
 Heap Max Capacity: 2G
 Pre-touch: Disabled
 Parallel Workers: 8
 Concurrent Workers: 2
 Concurrent Refinement Workers: 8
 Periodic GC: Disabled
Heap:
 garbage-first heap   total 384000K, used 233208K [0x0000000080000000, 0x0000000100000000)
  region size 1024K, 84 young (86016K), 16 survivors (16384K)
 Metaspace       used 101501K, committed 102400K, reserved 557056K
  class space    used 14175K, committed 14592K, reserved 425984K
GC Heap History (20 events):
Event: 29.633 GC heap before
{Heap before GC invocations=54 (full 0):
 garbage-first heap   total 205824K, used 158309K [0x0000000080000000, 0x0000000100000000)
  region size 1024K, 58 young (59392K), 6 survivors (6144K)
 Metaspace       used 90595K, committed 91456K, reserved 557056K
  class space    used 12739K, committed 13184K, reserved 425984K
}
Event: 29.641 GC heap after
{Heap after GC invocations=55 (full 0):
 garbage-first heap   total 205824K, used 117428K [0x0000000080000000, 0x0000000100000000)
  region size 1024K, 8 young (8192K), 8 survivors (8192K)
 Metaspace       used 90595K, committed 91456K, reserved 557056K
  class space    used 12739K, committed 13184K, reserved 425984K
}
Event: 30.086 GC heap before
{Heap before GC invocations=56 (full 0):
 garbage-first heap   total 209920K, used 163508K [0x0000000080000000, 0x0000000100000000)
  region size 1024K, 53 young (54272K), 8 survivors (8192K)
 Metaspace       used 92082K, committed 92992K, reserved 557056K
  class space    used 12933K, committed 13376K, reserved 425984K
}
Event: 30.095 GC heap after
{Heap after GC invocations=57 (full 0):
 garbage-first heap   total 209920K, used 127668K [0x0000000080000000, 0x0000000100000000)
  region size 1024K, 7 young (7168K), 7 survivors (7168K)
 Metaspace       used 92082K, committed 92992K, reserved 557056K
  class space    used 12933K, committed 13376K, reserved 425984K
}
Event: 30.491 GC heap before
{Heap before GC invocations=57 (full 0):
 garbage-first heap   total 209920K, used 169652K [0x0000000080000000, 0x0000000100000000)
  region size 1024K, 48 young (49152K), 7 survivors (7168K)
 Metaspace       used 96366K, committed 97216K, reserved 557056K
  class space    used 13528K, committed 13952K, reserved 425984K
}
Event: 30.498 GC heap after
{Heap after GC invocations=58 (full 0):
 garbage-first heap   total 209920K, used 130261K [0x0000000080000000, 0x0000000100000000)
  region size 1024K, 3 young (3072K), 3 survivors (3072K)
 Metaspace       used 96366K, committed 97216K, reserved 557056K
  class space    used 13528K, committed 13952K, reserved 425984K
}
Event: 30.969 GC heap before
{Heap before GC invocations=59 (full 0):
 garbage-first heap   total 230400K, used 172245K [0x0000000080000000, 0x0000000100000000)
  region size 1024K, 44 young (45056K), 3 survivors (3072K)
 Metaspace       used 98345K, committed 99200K, reserved 557056K
  class space    used 13783K, committed 14208K, reserved 425984K
}
Event: 30.973 GC heap after
{Heap after GC invocations=60 (full 0):
 garbage-first heap   total 230400K, used 133476K [0x0000000080000000, 0x0000000100000000)
  region size 1024K, 6 young (6144K), 6 survivors (6144K)
 Metaspace       used 98345K, committed 99200K, reserved 557056K
  class space    used 13783K, committed 14208K, reserved 425984K
}
Event: 31.019 GC heap before
{Heap before GC invocations=60 (full 0):
 garbage-first heap   total 230400K, used 137572K [0x0000000080000000, 0x0000000100000000)
  region size 1024K, 11 young (11264K), 6 survivors (6144K)
 Metaspace       used 98542K, committed 99392K, reserved 557056K
  class space    used 13807K, committed 14208K, reserved 425984K
}
Event: 31.025 GC heap after
{Heap after GC invocations=61 (full 0):
 garbage-first heap   total 230400K, used 133728K [0x0000000080000000, 0x0000000100000000)
  region size 1024K, 2 young (2048K), 2 survivors (2048K)
 Metaspace       used 98542K, committed 99392K, reserved 557056K
  class space    used 13807K, committed 14208K, reserved 425984K
}
Event: 31.383 GC heap before
{Heap before GC invocations=61 (full 0):
 garbage-first heap   total 230400K, used 184928K [0x0000000080000000, 0x0000000100000000)
  region size 1024K, 52 young (53248K), 2 survivors (2048K)
 Metaspace       used 99439K, committed 100352K, reserved 557056K
  class space    used 13902K, committed 14336K, reserved 425984K
}
Event: 31.389 GC heap after
{Heap after GC invocations=62 (full 0):
 garbage-first heap   total 230400K, used 138440K [0x0000000080000000, 0x0000000100000000)
  region size 1024K, 6 young (6144K), 6 survivors (6144K)
 Metaspace       used 99439K, committed 100352K, reserved 557056K
  class space    used 13902K, committed 14336K, reserved 425984K
}
Event: 31.733 GC heap before
{Heap before GC invocations=63 (full 0):
 garbage-first heap   total 256000K, used 185544K [0x0000000080000000, 0x0000000100000000)
  region size 1024K, 53 young (54272K), 6 survivors (6144K)
 Metaspace       used 100442K, committed 101376K, reserved 557056K
  class space    used 14077K, committed 14528K, reserved 425984K
}
Event: 31.740 GC heap after
{Heap after GC invocations=64 (full 0):
 garbage-first heap   total 256000K, used 142148K [0x0000000080000000, 0x0000000100000000)
  region size 1024K, 4 young (4096K), 4 survivors (4096K)
 Metaspace       used 100442K, committed 101376K, reserved 557056K
  class space    used 14077K, committed 14528K, reserved 425984K
}
Event: 31.800 GC heap before
{Heap before GC invocations=64 (full 0):
 garbage-first heap   total 256000K, used 150340K [0x0000000080000000, 0x0000000100000000)
  region size 1024K, 12 young (12288K), 4 survivors (4096K)
 Metaspace       used 100502K, committed 101376K, reserved 557056K
  class space    used 14077K, committed 14528K, reserved 425984K
}
Event: 31.803 GC heap after
{Heap after GC invocations=65 (full 0):
 garbage-first heap   total 256000K, used 142119K [0x0000000080000000, 0x0000000100000000)
  region size 1024K, 1 young (1024K), 1 survivors (1024K)
 Metaspace       used 100502K, committed 101376K, reserved 557056K
  class space    used 14077K, committed 14528K, reserved 425984K
}
Event: 32.193 GC heap before
{Heap before GC invocations=65 (full 0):
 garbage-first heap   total 256000K, used 204583K [0x0000000080000000, 0x0000000100000000)
  region size 1024K, 63 young (64512K), 1 survivors (1024K)
 Metaspace       used 100944K, committed 101888K, reserved 557056K
  class space    used 14131K, committed 14592K, reserved 425984K
}
Event: 32.198 GC heap after
{Heap after GC invocations=66 (full 0):
 garbage-first heap   total 384000K, used 147371K [0x0000000080000000, 0x0000000100000000)
  region size 1024K, 6 young (6144K), 6 survivors (6144K)
 Metaspace       used 100944K, committed 101888K, reserved 557056K
  class space    used 14131K, committed 14592K, reserved 425984K
}
Event: 33.540 GC heap before
{Heap before GC invocations=66 (full 0):
 garbage-first heap   total 384000K, used 311211K [0x0000000080000000, 0x0000000100000000)
  region size 1024K, 143 young (146432K), 6 survivors (6144K)
 Metaspace       used 101227K, committed 102144K, reserved 557056K
  class space    used 14147K, committed 14592K, reserved 425984K
}
Event: 33.551 GC heap after
{Heap after GC invocations=67 (full 0):
 garbage-first heap   total 384000K, used 157432K [0x0000000080000000, 0x0000000100000000)
  region size 1024K, 16 young (16384K), 16 survivors (16384K)
 Metaspace       used 101227K, committed 102144K, reserved 557056K
  class space    used 14147K, committed 14592K, reserved 425984K
}

